2018-02-05 18:45:38.700+0000 WARN [o.n.i.p.PageCache] The dbms.memory.pagecache.size setting has not been configured. It is recommended that this setting is always explicitly configured, to ensure the system has a balanced configuration. Until then, a computed heuristic value of 3298275328 bytes will be used instead. 
2018-02-05 18:45:39.201+0000 INFO [o.n.k.i.f.CommunityEditionModule] No locking implementation specified, defaulting to 'community'
2018-02-05 18:45:39.471+0000 INFO [o.n.k.AvailabilityGuard] Requirement makes database unavailable: Database available
2018-02-05 18:45:39.508+0000 INFO [o.n.k.i.DiagnosticsManager] --- INITIALIZED diagnostics START ---
2018-02-05 18:45:39.508+0000 INFO [o.n.k.i.DiagnosticsManager] Neo4j Kernel properties:
2018-02-05 18:45:39.509+0000 INFO [o.n.k.i.DiagnosticsManager] unsupported.dbms.directories.neo4j_home=D:\neo4j\data\databases\nutritionMgt.db
2018-02-05 18:45:39.509+0000 INFO [o.n.k.i.DiagnosticsManager] unsupported.dbms.edition=community
2018-02-05 18:45:39.509+0000 INFO [o.n.k.i.DiagnosticsManager] dbms.read_only=false
2018-02-05 18:45:39.509+0000 INFO [o.n.k.i.DiagnosticsManager] unsupported.dbms.disconnected=true
2018-02-05 18:45:39.509+0000 INFO [o.n.k.i.DiagnosticsManager] unsupported.dbms.ephemeral=false
2018-02-05 18:45:39.509+0000 INFO [o.n.k.i.DiagnosticsManager] Diagnostics providers:
2018-02-05 18:45:39.509+0000 INFO [o.n.k.i.DiagnosticsManager] org.neo4j.kernel.configuration.Config
2018-02-05 18:45:39.509+0000 INFO [o.n.k.i.DiagnosticsManager] org.neo4j.kernel.info.DiagnosticsManager
2018-02-05 18:45:39.509+0000 INFO [o.n.k.i.DiagnosticsManager] SYSTEM_MEMORY
2018-02-05 18:45:39.509+0000 INFO [o.n.k.i.DiagnosticsManager] JAVA_MEMORY
2018-02-05 18:45:39.509+0000 INFO [o.n.k.i.DiagnosticsManager] OPERATING_SYSTEM
2018-02-05 18:45:39.510+0000 INFO [o.n.k.i.DiagnosticsManager] JAVA_VIRTUAL_MACHINE
2018-02-05 18:45:39.510+0000 INFO [o.n.k.i.DiagnosticsManager] CLASSPATH
2018-02-05 18:45:39.510+0000 INFO [o.n.k.i.DiagnosticsManager] LIBRARY_PATH
2018-02-05 18:45:39.510+0000 INFO [o.n.k.i.DiagnosticsManager] SYSTEM_PROPERTIES
2018-02-05 18:45:39.510+0000 INFO [o.n.k.i.DiagnosticsManager] NETWORK
2018-02-05 18:45:39.510+0000 INFO [o.n.k.i.DiagnosticsManager] System memory information:
2018-02-05 18:45:39.515+0000 INFO [o.n.k.i.DiagnosticsManager] Total Physical memory: 7.90 GB
2018-02-05 18:45:39.516+0000 INFO [o.n.k.i.DiagnosticsManager] Free Physical memory: 1.65 GB
2018-02-05 18:45:39.516+0000 INFO [o.n.k.i.DiagnosticsManager] Committed virtual memory: 267.85 MB
2018-02-05 18:45:39.516+0000 INFO [o.n.k.i.DiagnosticsManager] Total swap space: 15.67 GB
2018-02-05 18:45:39.516+0000 INFO [o.n.k.i.DiagnosticsManager] Free swap space: 2.39 GB
2018-02-05 18:45:39.516+0000 INFO [o.n.k.i.DiagnosticsManager] JVM memory information:
2018-02-05 18:45:39.516+0000 INFO [o.n.k.i.DiagnosticsManager] Free  memory: 113.07 MB
2018-02-05 18:45:39.516+0000 INFO [o.n.k.i.DiagnosticsManager] Total memory: 123.00 MB
2018-02-05 18:45:39.517+0000 INFO [o.n.k.i.DiagnosticsManager] Max   memory: 1.76 GB
2018-02-05 18:45:39.523+0000 INFO [o.n.k.i.DiagnosticsManager] Garbage Collector: PS Scavenge: [PS Eden Space, PS Survivor Space]
2018-02-05 18:45:39.523+0000 INFO [o.n.k.i.DiagnosticsManager] Garbage Collector: PS MarkSweep: [PS Eden Space, PS Survivor Space, PS Old Gen]
2018-02-05 18:45:39.525+0000 INFO [o.n.k.i.DiagnosticsManager] Memory Pool: Code Cache (Non-heap memory): committed=4.69 MB, used=4.65 MB, max=240.00 MB, threshold=0.00 B
2018-02-05 18:45:39.525+0000 INFO [o.n.k.i.DiagnosticsManager] Memory Pool: Metaspace (Non-heap memory): committed=12.88 MB, used=12.11 MB, max=-1.00 B, threshold=0.00 B
2018-02-05 18:45:39.525+0000 INFO [o.n.k.i.DiagnosticsManager] Memory Pool: Compressed Class Space (Non-heap memory): committed=1.88 MB, used=1.60 MB, max=1.00 GB, threshold=0.00 B
2018-02-05 18:45:39.525+0000 INFO [o.n.k.i.DiagnosticsManager] Memory Pool: PS Eden Space (Heap memory): committed=32.50 MB, used=2.16 MB, max=664.50 MB, threshold=?
2018-02-05 18:45:39.525+0000 INFO [o.n.k.i.DiagnosticsManager] Memory Pool: PS Survivor Space (Heap memory): committed=5.00 MB, used=4.99 MB, max=5.00 MB, threshold=?
2018-02-05 18:45:39.526+0000 INFO [o.n.k.i.DiagnosticsManager] Memory Pool: PS Old Gen (Heap memory): committed=85.50 MB, used=2.78 MB, max=1.32 GB, threshold=0.00 B
2018-02-05 18:45:39.526+0000 INFO [o.n.k.i.DiagnosticsManager] Operating system information:
2018-02-05 18:45:39.527+0000 INFO [o.n.k.i.DiagnosticsManager] Operating System: Windows 10; version: 10.0; arch: amd64; cpus: 4
2018-02-05 18:45:39.540+0000 INFO [o.n.k.i.DiagnosticsManager] Process id: 18608@DESKTOP-I5R64F2
2018-02-05 18:45:39.540+0000 INFO [o.n.k.i.DiagnosticsManager] Byte order: LITTLE_ENDIAN
2018-02-05 18:45:39.558+0000 INFO [o.n.k.i.DiagnosticsManager] Local timezone: Europe/Berlin
2018-02-05 18:45:39.558+0000 INFO [o.n.k.i.DiagnosticsManager] JVM information:
2018-02-05 18:45:39.558+0000 INFO [o.n.k.i.DiagnosticsManager] VM Name: Java HotSpot(TM) 64-Bit Server VM
2018-02-05 18:45:39.558+0000 INFO [o.n.k.i.DiagnosticsManager] VM Vendor: Oracle Corporation
2018-02-05 18:45:39.558+0000 INFO [o.n.k.i.DiagnosticsManager] VM Version: 25.144-b01
2018-02-05 18:45:39.559+0000 INFO [o.n.k.i.DiagnosticsManager] JIT compiler: HotSpot 64-Bit Tiered Compilers
2018-02-05 18:45:39.559+0000 INFO [o.n.k.i.DiagnosticsManager] VM Arguments: [-Dbasedir=D:\neo4j, -Dfile.encoding=UTF-8]
2018-02-05 18:45:39.559+0000 INFO [o.n.k.i.DiagnosticsManager] Java classpath:
2018-02-05 18:45:39.561+0000 INFO [o.n.k.i.DiagnosticsManager]  [classpath + loader.0] file:/D:/neo4j/lib/jackson-jaxrs-1.9.13.jar
2018-02-05 18:45:39.561+0000 INFO [o.n.k.i.DiagnosticsManager]  [classpath + loader.0] file:/D:/neo4j/lib/neo4j-cypher-compiler-2.3-2.3.11.jar
2018-02-05 18:45:39.561+0000 INFO [o.n.k.i.DiagnosticsManager]  [classpath + loader.0] file:/D:/neo4j/lib/lucene-analyzers-common-5.5.0.jar
2018-02-05 18:45:39.561+0000 INFO [o.n.k.i.DiagnosticsManager]  [classpath + loader.0] file:/D:/neo4j/lib/neo4j-browser-3.1.4.jar
2018-02-05 18:45:39.561+0000 INFO [o.n.k.i.DiagnosticsManager]  [classpath + loader.0] file:/D:/neo4j/lib/neo4j-server-3.3.1.jar
2018-02-05 18:45:39.561+0000 INFO [o.n.k.i.DiagnosticsManager]  [classpath + loader.0] file:/D:/neo4j/lib/commons-lang3-3.5.jar
2018-02-05 18:45:39.561+0000 INFO [o.n.k.i.DiagnosticsManager]  [loader.1] file:/C:/Program%20Files/Java/jdk1.8.0_144/jre/lib/ext/sunpkcs11.jar
2018-02-05 18:45:39.561+0000 INFO [o.n.k.i.DiagnosticsManager]  [bootstrap] C:\Program Files\Java\jdk1.8.0_144\jre\lib\jsse.jar
2018-02-05 18:45:39.561+0000 INFO [o.n.k.i.DiagnosticsManager]  [classpath + loader.0] file:/D:/neo4j/lib/commons-text-1.1.jar
2018-02-05 18:45:39.561+0000 INFO [o.n.k.i.DiagnosticsManager]  [classpath + loader.0] file:/D:/neo4j/lib/neo4j-io-3.3.1.jar
2018-02-05 18:45:39.563+0000 INFO [o.n.k.i.DiagnosticsManager]  [loader.1] file:/C:/Program%20Files/Java/jdk1.8.0_144/jre/lib/ext/zipfs.jar
2018-02-05 18:45:39.563+0000 INFO [o.n.k.i.DiagnosticsManager]  [classpath + loader.0] file:/D:/neo4j/lib/javax.servlet-api-3.1.0.jar
2018-02-05 18:45:39.563+0000 INFO [o.n.k.i.DiagnosticsManager]  [classpath + loader.0] file:/D:/neo4j/lib/jetty-http-9.2.22.v20170606.jar
2018-02-05 18:45:39.563+0000 INFO [o.n.k.i.DiagnosticsManager]  [loader.1] file:/C:/Program%20Files/Java/jdk1.8.0_144/jre/lib/ext/access-bridge-64.jar
2018-02-05 18:45:39.563+0000 INFO [o.n.k.i.DiagnosticsManager]  [classpath + loader.0] file:/D:/neo4j/lib/commons-io-2.4.jar
2018-02-05 18:45:39.563+0000 INFO [o.n.k.i.DiagnosticsManager]  [bootstrap] C:\Program Files\Java\jdk1.8.0_144\jre\lib\rt.jar
2018-02-05 18:45:39.563+0000 INFO [o.n.k.i.DiagnosticsManager]  [classpath + loader.0] file:/D:/neo4j/lib/server-api-3.3.1.jar
2018-02-05 18:45:39.563+0000 INFO [o.n.k.i.DiagnosticsManager]  [classpath + loader.0] file:/D:/neo4j/lib/neo4j-configuration-3.3.1.jar
2018-02-05 18:45:39.563+0000 INFO [o.n.k.i.DiagnosticsManager]  [classpath + loader.0] file:/D:/neo4j/lib/neo4j-import-tool-3.3.1.jar
2018-02-05 18:45:39.563+0000 INFO [o.n.k.i.DiagnosticsManager]  [bootstrap] C:\Program Files\Java\jdk1.8.0_144\jre\lib\jfr.jar
2018-02-05 18:45:39.563+0000 INFO [o.n.k.i.DiagnosticsManager]  [loader.1] file:/C:/Program%20Files/Java/jdk1.8.0_144/jre/lib/ext/sunec.jar
2018-02-05 18:45:39.563+0000 INFO [o.n.k.i.DiagnosticsManager]  [classpath + loader.0] file:/D:/neo4j/lib/neo4j-bolt-3.3.1.jar
2018-02-05 18:45:39.563+0000 INFO [o.n.k.i.DiagnosticsManager]  [classpath + loader.0] file:/D:/neo4j/lib/neo4j-cypher-compiler-3.2-3.2.7.jar
2018-02-05 18:45:39.564+0000 INFO [o.n.k.i.DiagnosticsManager]  [bootstrap] C:\Program Files\Java\jdk1.8.0_144\jre\lib\resources.jar
2018-02-05 18:45:39.564+0000 INFO [o.n.k.i.DiagnosticsManager]  [classpath + loader.0] file:/D:/neo4j/lib/neo4j-jmx-3.3.1.jar
2018-02-05 18:45:39.564+0000 INFO [o.n.k.i.DiagnosticsManager]  [classpath + loader.0] file:/D:/neo4j/lib/neo4j-udc-3.3.1.jar
2018-02-05 18:45:39.564+0000 INFO [o.n.k.i.DiagnosticsManager]  [classpath + loader.0] file:/D:/neo4j/lib/jersey-server-1.19.jar
2018-02-05 18:45:39.564+0000 INFO [o.n.k.i.DiagnosticsManager]  [bootstrap] C:\Program Files\Java\jdk1.8.0_144\jre\lib\charsets.jar
2018-02-05 18:45:39.564+0000 INFO [o.n.k.i.DiagnosticsManager]  [classpath + loader.0] file:/D:/neo4j/lib/netty-all-4.1.17.Final.jar
2018-02-05 18:45:39.564+0000 INFO [o.n.k.i.DiagnosticsManager]  [classpath + loader.0] file:/D:/neo4j/lib/neo4j-cypher-logical-plans-3.3-3.3.1.jar
2018-02-05 18:45:39.565+0000 INFO [o.n.k.i.DiagnosticsManager]  [classpath + loader.0] file:/D:/neo4j/lib/neo4j-common-3.3.1.jar
2018-02-05 18:45:39.565+0000 INFO [o.n.k.i.DiagnosticsManager]  [classpath + loader.0] file:/D:/neo4j/lib/neo4j-cypher-frontend-3.3-3.3.1.jar
2018-02-05 18:45:39.565+0000 INFO [o.n.k.i.DiagnosticsManager]  [classpath + loader.0] file:/D:/neo4j/lib/opencsv-2.3.jar
2018-02-05 18:45:39.565+0000 INFO [o.n.k.i.DiagnosticsManager]  [classpath + loader.0] file:/D:/neo4j/lib/neo4j-graph-matching-3.1.6.jar
2018-02-05 18:45:39.565+0000 INFO [o.n.k.i.DiagnosticsManager]  [classpath + loader.0] file:/D:/neo4j/lib/neo4j-cypher-frontend-2.3-2.3.11.jar
2018-02-05 18:45:39.565+0000 INFO [o.n.k.i.DiagnosticsManager]  [classpath + loader.0] file:/D:/neo4j/lib/neo4j-resource-3.3.1.jar
2018-02-05 18:45:39.565+0000 INFO [o.n.k.i.DiagnosticsManager]  [loader.1] file:/C:/Program%20Files/Java/jdk1.8.0_144/jre/lib/ext/localedata.jar
2018-02-05 18:45:39.565+0000 INFO [o.n.k.i.DiagnosticsManager]  [classpath + loader.0] file:/D:/neo4j/lib/bcprov-jdk15on-1.53.jar
2018-02-05 18:45:39.565+0000 INFO [o.n.k.i.DiagnosticsManager]  [classpath + loader.0] file:/D:/neo4j/lib/jetty-security-9.2.22.v20170606.jar
2018-02-05 18:45:39.565+0000 INFO [o.n.k.i.DiagnosticsManager]  [classpath + loader.0] file:/D:/neo4j/lib/neo4j-collections-3.3.1.jar
2018-02-05 18:45:39.565+0000 INFO [o.n.k.i.DiagnosticsManager]  [classpath + loader.0] file:/D:/neo4j/bin/
2018-02-05 18:45:39.565+0000 INFO [o.n.k.i.DiagnosticsManager]  [loader.1] file:/C:/Program%20Files/Java/jdk1.8.0_144/jre/lib/ext/sunjce_provider.jar
2018-02-05 18:45:39.565+0000 INFO [o.n.k.i.DiagnosticsManager]  [classpath + loader.0] file:/D:/neo4j/lib/lucene-queryparser-5.5.0.jar
2018-02-05 18:45:39.565+0000 INFO [o.n.k.i.DiagnosticsManager]  [classpath + loader.0] file:/D:/neo4j/lib/commons-lang-2.6.jar
2018-02-05 18:45:39.565+0000 INFO [o.n.k.i.DiagnosticsManager]  [bootstrap] C:\Program Files\Java\jdk1.8.0_144\jre\lib\sunrsasign.jar
2018-02-05 18:45:39.565+0000 INFO [o.n.k.i.DiagnosticsManager]  [classpath + loader.0] file:/D:/neo4j/lib/neo4j-lucene-index-3.3.1.jar
2018-02-05 18:45:39.565+0000 INFO [o.n.k.i.DiagnosticsManager]  [classpath + loader.0] file:/D:/neo4j/lib/bcpkix-jdk15on-1.53.jar
2018-02-05 18:45:39.565+0000 INFO [o.n.k.i.DiagnosticsManager]  [classpath + loader.0] file:/D:/neo4j/lib/neo4j-graph-algo-3.3.1.jar
2018-02-05 18:45:39.565+0000 INFO [o.n.k.i.DiagnosticsManager]  [classpath + loader.0] file:/D:/neo4j/lib/commons-configuration-1.10.jar
2018-02-05 18:45:39.566+0000 INFO [o.n.k.i.DiagnosticsManager]  [bootstrap] C:\Program Files\Java\jdk1.8.0_144\jre\classes
2018-02-05 18:45:39.566+0000 INFO [o.n.k.i.DiagnosticsManager]  [classpath + loader.0] file:/D:/neo4j/lib/concurrentlinkedhashmap-lru-1.4.2.jar
2018-02-05 18:45:39.566+0000 INFO [o.n.k.i.DiagnosticsManager]  [classpath + loader.0] file:/D:/neo4j/lib/jetty-servlet-9.2.22.v20170606.jar
2018-02-05 18:45:39.566+0000 INFO [o.n.k.i.DiagnosticsManager]  [loader.1] file:/C:/Program%20Files/Java/jdk1.8.0_144/jre/lib/ext/dnsns.jar
2018-02-05 18:45:39.566+0000 INFO [o.n.k.i.DiagnosticsManager]  [classpath + loader.0] file:/D:/neo4j/lib/jackson-mapper-asl-1.9.13.jar
2018-02-05 18:45:39.566+0000 INFO [o.n.k.i.DiagnosticsManager]  [loader.1] file:/C:/Program%20Files/Java/jdk1.8.0_144/jre/lib/ext/cldrdata.jar
2018-02-05 18:45:39.566+0000 INFO [o.n.k.i.DiagnosticsManager]  [classpath + loader.0] file:/D:/neo4j/lib/jackson-core-asl-1.9.13.jar
2018-02-05 18:45:39.566+0000 INFO [o.n.k.i.DiagnosticsManager]  [classpath + loader.0] file:/D:/neo4j/lib/neo4j-codegen-3.3.1.jar
2018-02-05 18:45:39.566+0000 INFO [o.n.k.i.DiagnosticsManager]  [classpath + loader.0] file:/D:/neo4j/lib/lucene-core-5.5.0.jar
2018-02-05 18:45:39.566+0000 INFO [o.n.k.i.DiagnosticsManager]  [classpath + loader.0] file:/D:/neo4j/lib/jetty-webapp-9.2.22.v20170606.jar
2018-02-05 18:45:39.566+0000 INFO [o.n.k.i.DiagnosticsManager]  [bootstrap] C:\Program Files\Java\jdk1.8.0_144\jre\lib\jce.jar
2018-02-05 18:45:39.566+0000 INFO [o.n.k.i.DiagnosticsManager]  [classpath + loader.0] file:/D:/neo4j/lib/caffeine-2.3.3.jar
2018-02-05 18:45:39.566+0000 INFO [o.n.k.i.DiagnosticsManager]  [classpath + loader.0] file:/D:/neo4j/lib/neo4j-cypher-frontend-3.1-3.1.6.jar
2018-02-05 18:45:39.566+0000 INFO [o.n.k.i.DiagnosticsManager]  [classpath + loader.0] file:/D:/neo4j/lib/scala-reflect-2.11.11.jar
2018-02-05 18:45:39.566+0000 INFO [o.n.k.i.DiagnosticsManager]  [classpath + loader.0] file:/D:/neo4j/lib/neo4j-cypher-ir-3.3-3.3.1.jar
2018-02-05 18:45:39.566+0000 INFO [o.n.k.i.DiagnosticsManager]  [classpath + loader.0] file:/D:/neo4j/lib/neo4j-unsafe-3.3.1.jar
2018-02-05 18:45:39.566+0000 INFO [o.n.k.i.DiagnosticsManager]  [classpath + loader.0] file:/D:/neo4j/lib/neo4j-cypher-compiler-3.1-3.1.6.jar
2018-02-05 18:45:39.566+0000 INFO [o.n.k.i.DiagnosticsManager]  [classpath + loader.0] file:/D:/neo4j/lib/neo4j-dbms-3.3.1.jar
2018-02-05 18:45:39.566+0000 INFO [o.n.k.i.DiagnosticsManager]  [classpath + loader.0] file:/D:/neo4j/lib/rhino-1.7R4.jar
2018-02-05 18:45:39.566+0000 INFO [o.n.k.i.DiagnosticsManager]  [classpath + loader.0] file:/D:/neo4j/lib/neo4j-consistency-check-3.3.1.jar
2018-02-05 18:45:39.566+0000 INFO [o.n.k.i.DiagnosticsManager]  [classpath + loader.0] file:/D:/neo4j/lib/neo4j-kernel-3.3.1.jar
2018-02-05 18:45:39.566+0000 INFO [o.n.k.i.DiagnosticsManager]  [classpath + loader.0] file:/D:/neo4j/lib/neo4j-values-3.3.1.jar
2018-02-05 18:45:39.566+0000 INFO [o.n.k.i.DiagnosticsManager]  [classpath + loader.0] file:/D:/neo4j/lib/mimepull-1.9.3.jar
2018-02-05 18:45:39.566+0000 INFO [o.n.k.i.DiagnosticsManager]  [classpath + loader.0] file:/D:/neo4j/lib/neo4j-security-3.3.1.jar
2018-02-05 18:45:39.566+0000 INFO [o.n.k.i.DiagnosticsManager]  [loader.1] file:/C:/Program%20Files/Java/jdk1.8.0_144/jre/lib/ext/nashorn.jar
2018-02-05 18:45:39.566+0000 INFO [o.n.k.i.DiagnosticsManager]  [classpath + loader.0] file:/D:/neo4j/lib/jetty-util-9.2.22.v20170606.jar
2018-02-05 18:45:39.566+0000 INFO [o.n.k.i.DiagnosticsManager]  [classpath + loader.0] file:/D:/neo4j/lib/neo4j-cypher-compiler-3.3-3.3.1.jar
2018-02-05 18:45:39.566+0000 INFO [o.n.k.i.DiagnosticsManager]  [classpath + loader.0] file:/D:/neo4j/lib/parboiled-core-1.1.7.jar
2018-02-05 18:45:39.566+0000 INFO [o.n.k.i.DiagnosticsManager]  [classpath + loader.0] file:/D:/neo4j/lib/neo4j-logging-3.3.1.jar
2018-02-05 18:45:39.567+0000 INFO [o.n.k.i.DiagnosticsManager]  [classpath + loader.0] file:/D:/neo4j/lib/jetty-io-9.2.22.v20170606.jar
2018-02-05 18:45:39.567+0000 INFO [o.n.k.i.DiagnosticsManager]  [classpath + loader.0] file:/D:/neo4j/lib/neo4j-csv-3.3.1.jar
2018-02-05 18:45:39.567+0000 INFO [o.n.k.i.DiagnosticsManager]  [loader.1] file:/C:/Program%20Files/Java/jdk1.8.0_144/jre/lib/ext/jfxrt.jar
2018-02-05 18:45:39.567+0000 INFO [o.n.k.i.DiagnosticsManager]  [classpath + loader.0] file:/D:/neo4j/lib/jetty-server-9.2.22.v20170606.jar
2018-02-05 18:45:39.567+0000 INFO [o.n.k.i.DiagnosticsManager]  [classpath + loader.0] file:/D:/neo4j/lib/commons-compress-1.12.jar
2018-02-05 18:45:39.567+0000 INFO [o.n.k.i.DiagnosticsManager]  [classpath + loader.0] file:/D:/neo4j/lib/scala-library-2.11.11.jar
2018-02-05 18:45:39.567+0000 INFO [o.n.k.i.DiagnosticsManager]  [classpath + loader.0] file:/D:/neo4j/lib/jersey-multipart-1.19.jar
2018-02-05 18:45:39.567+0000 INFO [o.n.k.i.DiagnosticsManager]  [loader.1] file:/C:/Program%20Files/Java/jdk1.8.0_144/jre/lib/ext/jaccess.jar
2018-02-05 18:45:39.567+0000 INFO [o.n.k.i.DiagnosticsManager]  [classpath + loader.0] file:/D:/neo4j/lib/jline-2.12.jar
2018-02-05 18:45:39.567+0000 INFO [o.n.k.i.DiagnosticsManager]  [classpath + loader.0] file:/D:/neo4j/lib/jersey-servlet-1.19.jar
2018-02-05 18:45:39.567+0000 INFO [o.n.k.i.DiagnosticsManager]  [classpath + loader.0] file:/D:/neo4j/lib/lucene-codecs-5.5.0.jar
2018-02-05 18:45:39.567+0000 INFO [o.n.k.i.DiagnosticsManager]  [classpath + loader.0] file:/D:/neo4j/lib/neo4j-cypher-3.3.1.jar
2018-02-05 18:45:39.567+0000 INFO [o.n.k.i.DiagnosticsManager]  [classpath + loader.0] file:/D:/neo4j/lib/neo4j-index-3.3.1.jar
2018-02-05 18:45:39.567+0000 INFO [o.n.k.i.DiagnosticsManager]  [classpath + loader.0] file:/D:/neo4j/lib/parboiled-scala_2.11-1.1.7.jar
2018-02-05 18:45:39.568+0000 INFO [o.n.k.i.DiagnosticsManager]  [classpath + loader.0] file:/D:/neo4j/lib/neo4j-lucene-upgrade-3.3.1.jar
2018-02-05 18:45:39.568+0000 INFO [o.n.k.i.DiagnosticsManager]  [classpath + loader.0] file:/D:/neo4j/lib/neo4j-graphdb-api-3.3.1.jar
2018-02-05 18:45:39.568+0000 INFO [o.n.k.i.DiagnosticsManager]  [classpath + loader.0] file:/D:/neo4j/lib/jetty-xml-9.2.22.v20170606.jar
2018-02-05 18:45:39.568+0000 INFO [o.n.k.i.DiagnosticsManager]  [classpath + loader.0] file:/D:/neo4j/lib/jersey-core-1.19.jar
2018-02-05 18:45:39.568+0000 INFO [o.n.k.i.DiagnosticsManager]  [classpath + loader.0] file:/D:/neo4j/lib/commons-logging-1.1.1.jar
2018-02-05 18:45:39.568+0000 INFO [o.n.k.i.DiagnosticsManager]  [classpath + loader.0] file:/D:/neo4j/lib/neo4j-shell-3.3.1.jar
2018-02-05 18:45:39.568+0000 INFO [o.n.k.i.DiagnosticsManager]  [classpath + loader.0] file:/D:/neo4j/lib/neo4j-ssl-3.3.1.jar
2018-02-05 18:45:39.568+0000 INFO [o.n.k.i.DiagnosticsManager]  [classpath + loader.0] file:/D:/neo4j/lib/neo4j-primitive-collections-3.3.1.jar
2018-02-05 18:45:39.568+0000 INFO [o.n.k.i.DiagnosticsManager]  [classpath + loader.0] file:/D:/neo4j/lib/neo4j-cypher-ir-3.2-3.2.7.jar
2018-02-05 18:45:39.568+0000 INFO [o.n.k.i.DiagnosticsManager]  [loader.1] file:/C:/Program%20Files/Java/jdk1.8.0_144/jre/lib/ext/sunmscapi.jar
2018-02-05 18:45:39.568+0000 INFO [o.n.k.i.DiagnosticsManager]  [classpath + loader.0] file:/D:/neo4j/lib/jsr311-api-1.1.2.r612.jar
2018-02-05 18:45:39.568+0000 INFO [o.n.k.i.DiagnosticsManager]  [classpath + loader.0] file:/D:/neo4j/lib/neo4j-command-line-3.3.1.jar
2018-02-05 18:45:39.568+0000 INFO [o.n.k.i.DiagnosticsManager]  [classpath + loader.0] file:/D:/neo4j/lib/neo4j-cypher-frontend-3.2-3.2.7.jar
2018-02-05 18:45:39.568+0000 INFO [o.n.k.i.DiagnosticsManager] Library path:
2018-02-05 18:45:39.569+0000 INFO [o.n.k.i.DiagnosticsManager] C:\Program Files\Java\jdk1.8.0_144\jre\bin
2018-02-05 18:45:39.570+0000 INFO [o.n.k.i.DiagnosticsManager] C:\Windows\Sun\Java\bin
2018-02-05 18:45:39.570+0000 INFO [o.n.k.i.DiagnosticsManager] C:\Windows\System32
2018-02-05 18:45:39.570+0000 INFO [o.n.k.i.DiagnosticsManager] C:\Windows
2018-02-05 18:45:39.571+0000 INFO [o.n.k.i.DiagnosticsManager] C:\Program Files\MongoDB\Server\3.6\bin
2018-02-05 18:45:39.571+0000 INFO [o.n.k.i.DiagnosticsManager] D:\Program Files\Redis
2018-02-05 18:45:39.572+0000 INFO [o.n.k.i.DiagnosticsManager] D:\Program Files\nodejs
2018-02-05 18:45:39.572+0000 INFO [o.n.k.i.DiagnosticsManager] C:\Users\SunnyLondhe\eclipse\jee-oxygen\eclipse\jre\bin\javaw.exe
2018-02-05 18:45:39.573+0000 INFO [o.n.k.i.DiagnosticsManager] C:\Users\SunnyLondhe\AppData\Roaming\npm
2018-02-05 18:45:39.573+0000 INFO [o.n.k.i.DiagnosticsManager] D:\neo4j\bin
2018-02-05 18:45:39.573+0000 INFO [o.n.k.i.DiagnosticsManager] System.properties:
2018-02-05 18:45:39.574+0000 INFO [o.n.k.i.DiagnosticsManager] sun.boot.library.path = C:\Program Files\Java\jdk1.8.0_144\jre\bin
2018-02-05 18:45:39.574+0000 INFO [o.n.k.i.DiagnosticsManager] path.separator = ;
2018-02-05 18:45:39.574+0000 INFO [o.n.k.i.DiagnosticsManager] file.encoding.pkg = sun.io
2018-02-05 18:45:39.574+0000 INFO [o.n.k.i.DiagnosticsManager] user.country = US
2018-02-05 18:45:39.574+0000 INFO [o.n.k.i.DiagnosticsManager] user.script = 
2018-02-05 18:45:39.574+0000 INFO [o.n.k.i.DiagnosticsManager] sun.java.launcher = SUN_STANDARD
2018-02-05 18:45:39.574+0000 INFO [o.n.k.i.DiagnosticsManager] sun.os.patch.level = 
2018-02-05 18:45:39.574+0000 INFO [o.n.k.i.DiagnosticsManager] user.dir = D:\neo4j\bin
2018-02-05 18:45:39.575+0000 INFO [o.n.k.i.DiagnosticsManager] basedir = D:\neo4j
2018-02-05 18:45:39.575+0000 INFO [o.n.k.i.DiagnosticsManager] user.variant = 
2018-02-05 18:45:39.575+0000 INFO [o.n.k.i.DiagnosticsManager] sun.jnu.encoding = Cp1252
2018-02-05 18:45:39.575+0000 INFO [o.n.k.i.DiagnosticsManager] sun.management.compiler = HotSpot 64-Bit Tiered Compilers
2018-02-05 18:45:39.575+0000 INFO [o.n.k.i.DiagnosticsManager] user.home = C:\Users\SunnyLondhe
2018-02-05 18:45:39.575+0000 INFO [o.n.k.i.DiagnosticsManager] user.timezone = Europe/Berlin
2018-02-05 18:45:39.575+0000 INFO [o.n.k.i.DiagnosticsManager] file.encoding = UTF-8
2018-02-05 18:45:39.575+0000 INFO [o.n.k.i.DiagnosticsManager] user.name = SunnyLondhe
2018-02-05 18:45:39.575+0000 INFO [o.n.k.i.DiagnosticsManager] sun.java.command = org.neo4j.shell.StartClient -file d:\nut\one.cql -path D:\neo4j\data\databases\nutritionMgt.db
2018-02-05 18:45:39.575+0000 INFO [o.n.k.i.DiagnosticsManager] sun.arch.data.model = 64
2018-02-05 18:45:39.575+0000 INFO [o.n.k.i.DiagnosticsManager] user.language = en
2018-02-05 18:45:39.575+0000 INFO [o.n.k.i.DiagnosticsManager] awt.toolkit = sun.awt.windows.WToolkit
2018-02-05 18:45:39.575+0000 INFO [o.n.k.i.DiagnosticsManager] sun.stderr.encoding = cp437
2018-02-05 18:45:39.575+0000 INFO [o.n.k.i.DiagnosticsManager] file.separator = \
2018-02-05 18:45:39.576+0000 INFO [o.n.k.i.DiagnosticsManager] sun.io.unicode.encoding = UnicodeLittle
2018-02-05 18:45:39.576+0000 INFO [o.n.k.i.DiagnosticsManager] sun.cpu.endian = little
2018-02-05 18:45:39.576+0000 INFO [o.n.k.i.DiagnosticsManager] sun.stdout.encoding = cp437
2018-02-05 18:45:39.576+0000 INFO [o.n.k.i.DiagnosticsManager] sun.desktop = windows
2018-02-05 18:45:39.576+0000 INFO [o.n.k.i.DiagnosticsManager] sun.cpu.isalist = amd64
2018-02-05 18:45:39.576+0000 INFO [o.n.k.i.DiagnosticsManager] Network information:
2018-02-05 18:45:39.728+0000 INFO [o.n.k.i.DiagnosticsManager] Interface Software Loopback Interface 1:
2018-02-05 18:45:39.729+0000 INFO [o.n.k.i.DiagnosticsManager]     address: 127.0.0.1
2018-02-05 18:45:39.729+0000 INFO [o.n.k.i.DiagnosticsManager]     address: 0:0:0:0:0:0:0:1
2018-02-05 18:45:39.729+0000 INFO [o.n.k.i.DiagnosticsManager] Interface WAN Miniport (IP):
2018-02-05 18:45:39.729+0000 INFO [o.n.k.i.DiagnosticsManager] Interface Bluetooth Device (Personal Area Network):
2018-02-05 18:45:39.729+0000 INFO [o.n.k.i.DiagnosticsManager]     address: fe80:0:0:0:7176:da83:ce2e:ca47%eth1
2018-02-05 18:45:39.730+0000 INFO [o.n.k.i.DiagnosticsManager] Interface Microsoft Wi-Fi Direct Virtual Adapter:
2018-02-05 18:45:39.730+0000 INFO [o.n.k.i.DiagnosticsManager]     address: fe80:0:0:0:61a7:53b6:574f:9def%wlan0
2018-02-05 18:45:39.730+0000 INFO [o.n.k.i.DiagnosticsManager] Interface Realtek PCIe GBE Family Controller:
2018-02-05 18:45:39.730+0000 INFO [o.n.k.i.DiagnosticsManager]     address: fe80:0:0:0:a8bf:977f:9a99:4d10%eth2
2018-02-05 18:45:39.730+0000 INFO [o.n.k.i.DiagnosticsManager] Interface VirtualBox Host-Only Ethernet Adapter:
2018-02-05 18:45:39.730+0000 INFO [o.n.k.i.DiagnosticsManager]     address: 192.168.56.1
2018-02-05 18:45:39.730+0000 INFO [o.n.k.i.DiagnosticsManager]     address: fe80:0:0:0:9c27:9ddf:206f:db33%eth3
2018-02-05 18:45:39.730+0000 INFO [o.n.k.i.DiagnosticsManager] Interface WAN Miniport (IKEv2):
2018-02-05 18:45:39.730+0000 INFO [o.n.k.i.DiagnosticsManager] Interface Intel(R) Dual Band Wireless-AC 3165:
2018-02-05 18:45:39.730+0000 INFO [o.n.k.i.DiagnosticsManager]     address: 172.19.153.188
2018-02-05 18:45:39.730+0000 INFO [o.n.k.i.DiagnosticsManager]     address: fe80:0:0:0:d18:c0e3:9b:d67c%wlan1
2018-02-05 18:45:39.730+0000 INFO [o.n.k.i.DiagnosticsManager] Interface WAN Miniport (L2TP):
2018-02-05 18:45:39.730+0000 INFO [o.n.k.i.DiagnosticsManager] Interface Microsoft Kernel Debug Network Adapter:
2018-02-05 18:45:39.730+0000 INFO [o.n.k.i.DiagnosticsManager] Interface WAN Miniport (SSTP):
2018-02-05 18:45:39.730+0000 INFO [o.n.k.i.DiagnosticsManager] Interface WAN Miniport (Network Monitor):
2018-02-05 18:45:39.730+0000 INFO [o.n.k.i.DiagnosticsManager] Interface WAN Miniport (IPv6):
2018-02-05 18:45:39.731+0000 INFO [o.n.k.i.DiagnosticsManager] Interface Microsoft Teredo Tunneling Adapter:
2018-02-05 18:45:39.731+0000 INFO [o.n.k.i.DiagnosticsManager]     address: fe80:0:0:0:0:100:7f:fffe%net3
2018-02-05 18:45:39.731+0000 INFO [o.n.k.i.DiagnosticsManager] Interface Bluetooth Device (RFCOMM Protocol TDI):
2018-02-05 18:45:39.731+0000 INFO [o.n.k.i.DiagnosticsManager] Interface WAN Miniport (PPTP):
2018-02-05 18:45:39.731+0000 INFO [o.n.k.i.DiagnosticsManager] Interface WAN Miniport (PPPOE):
2018-02-05 18:45:39.731+0000 INFO [o.n.k.i.DiagnosticsManager] Interface VirtualBox Host-Only Ethernet Adapter-WFP Native MAC Layer LightWeight Filter-0000:
2018-02-05 18:45:39.731+0000 INFO [o.n.k.i.DiagnosticsManager] Interface VirtualBox Host-Only Ethernet Adapter-QoS Packet Scheduler-0000:
2018-02-05 18:45:39.731+0000 INFO [o.n.k.i.DiagnosticsManager] Interface VirtualBox Host-Only Ethernet Adapter-WFP 802.3 MAC Layer LightWeight Filter-0000:
2018-02-05 18:45:39.731+0000 INFO [o.n.k.i.DiagnosticsManager] Interface Realtek PCIe GBE Family Controller-WFP Native MAC Layer LightWeight Filter-0000:
2018-02-05 18:45:39.731+0000 INFO [o.n.k.i.DiagnosticsManager] Interface Realtek PCIe GBE Family Controller-VirtualBox NDIS Light-Weight Filter-0000:
2018-02-05 18:45:39.731+0000 INFO [o.n.k.i.DiagnosticsManager] Interface Realtek PCIe GBE Family Controller-QoS Packet Scheduler-0000:
2018-02-05 18:45:39.731+0000 INFO [o.n.k.i.DiagnosticsManager] Interface Realtek PCIe GBE Family Controller-WFP 802.3 MAC Layer LightWeight Filter-0000:
2018-02-05 18:45:39.731+0000 INFO [o.n.k.i.DiagnosticsManager] Interface Intel(R) Dual Band Wireless-AC 3165-WFP Native MAC Layer LightWeight Filter-0000:
2018-02-05 18:45:39.731+0000 INFO [o.n.k.i.DiagnosticsManager] Interface Intel(R) Dual Band Wireless-AC 3165-Virtual WiFi Filter Driver-0000:
2018-02-05 18:45:39.731+0000 INFO [o.n.k.i.DiagnosticsManager] Interface Intel(R) Dual Band Wireless-AC 3165-Native WiFi Filter Driver-0000:
2018-02-05 18:45:39.731+0000 INFO [o.n.k.i.DiagnosticsManager] Interface Intel(R) Dual Band Wireless-AC 3165-VirtualBox NDIS Light-Weight Filter-0000:
2018-02-05 18:45:39.731+0000 INFO [o.n.k.i.DiagnosticsManager] Interface Intel(R) Dual Band Wireless-AC 3165-QoS Packet Scheduler-0000:
2018-02-05 18:45:39.731+0000 INFO [o.n.k.i.DiagnosticsManager] Interface Intel(R) Dual Band Wireless-AC 3165-WFP 802.3 MAC Layer LightWeight Filter-0000:
2018-02-05 18:45:39.732+0000 INFO [o.n.k.i.DiagnosticsManager] Interface WAN Miniport (IP)-WFP Native MAC Layer LightWeight Filter-0000:
2018-02-05 18:45:39.732+0000 INFO [o.n.k.i.DiagnosticsManager] Interface WAN Miniport (IP)-QoS Packet Scheduler-0000:
2018-02-05 18:45:39.732+0000 INFO [o.n.k.i.DiagnosticsManager] Interface WAN Miniport (IPv6)-WFP Native MAC Layer LightWeight Filter-0000:
2018-02-05 18:45:39.732+0000 INFO [o.n.k.i.DiagnosticsManager] Interface WAN Miniport (IPv6)-QoS Packet Scheduler-0000:
2018-02-05 18:45:39.732+0000 INFO [o.n.k.i.DiagnosticsManager] Interface WAN Miniport (Network Monitor)-WFP Native MAC Layer LightWeight Filter-0000:
2018-02-05 18:45:39.732+0000 INFO [o.n.k.i.DiagnosticsManager] Interface WAN Miniport (Network Monitor)-QoS Packet Scheduler-0000:
2018-02-05 18:45:39.732+0000 INFO [o.n.k.i.DiagnosticsManager] Interface Microsoft Wi-Fi Direct Virtual Adapter-WFP Native MAC Layer LightWeight Filter-0000:
2018-02-05 18:45:39.732+0000 INFO [o.n.k.i.DiagnosticsManager] Interface Microsoft Wi-Fi Direct Virtual Adapter-Native WiFi Filter Driver-0000:
2018-02-05 18:45:39.732+0000 INFO [o.n.k.i.DiagnosticsManager] Interface Microsoft Wi-Fi Direct Virtual Adapter-VirtualBox NDIS Light-Weight Filter-0000:
2018-02-05 18:45:39.732+0000 INFO [o.n.k.i.DiagnosticsManager] Interface Microsoft Wi-Fi Direct Virtual Adapter-QoS Packet Scheduler-0000:
2018-02-05 18:45:39.732+0000 INFO [o.n.k.i.DiagnosticsManager] Interface Microsoft Wi-Fi Direct Virtual Adapter-WFP 802.3 MAC Layer LightWeight Filter-0000:
2018-02-05 18:45:39.732+0000 INFO [o.n.k.i.DiagnosticsManager] --- INITIALIZED diagnostics END ---
2018-02-05 18:45:39.958+0000 INFO [o.n.k.i.s.f.RecordFormatSelector] Selected format 'RecordFormat:StandardV3_2[v0.A.8]' for the new store
2018-02-05 18:45:43.135+0000 INFO [o.n.k.i.a.i.IndexingService] IndexingService.init: indexes not specifically mentioned above are null
2018-02-05 18:45:43.140+0000 INFO [o.n.k.i.i.l.NativeLabelScanStore] No scan store found, this might just be first use. Preparing to rebuild.
2018-02-05 18:45:43.288+0000 INFO [o.n.k.NeoStoreDataSource] Opened logical log [D:\neo4j\data\databases\nutritionMgt.db\neostore.transaction.db.0] version=0, lastTxId=1 (clean)
2018-02-05 18:45:43.288+0000 INFO [o.n.k.NeoStoreDataSource] No commits found after last check point (which is at <no log position given>)
2018-02-05 18:45:43.297+0000 WARN [o.n.k.i.s.MetaDataStore] Missing counts store, rebuilding it.
2018-02-05 18:45:43.570+0000 WARN [o.n.k.i.s.MetaDataStore] Counts store rebuild completed.
2018-02-05 18:45:43.624+0000 INFO [o.n.k.i.a.i.IndexingService] IndexingService.start: indexes not specifically mentioned above are null
2018-02-05 18:45:43.626+0000 INFO [o.n.k.i.i.l.NativeLabelScanStore] Rebuilding scan store, this may take a while
2018-02-05 18:45:43.712+0000 INFO [o.n.k.i.i.l.NativeLabelScanStore] Scan store rebuilt (roughly 0 nodes)
2018-02-05 18:45:43.715+0000 INFO [o.n.k.i.DatabaseHealth] Database health set to OK
2018-02-05 18:45:45.106+0000 INFO [o.n.k.AvailabilityGuard] Fulfilling of requirement makes database available: Database available
2018-02-05 18:45:45.107+0000 INFO [o.n.k.i.f.GraphDatabaseFacadeFactory] Database is now ready
2018-02-05 18:45:45.109+0000 INFO [o.n.k.i.DiagnosticsManager] --- STARTED diagnostics for KernelDiagnostics:Versions START ---
2018-02-05 18:45:45.109+0000 INFO [o.n.k.i.DiagnosticsManager] Graph Database: community single StoreId{creationTime=1517856342434, randomId=7811953795697317696, storeVersion=15813456178476550, upgradeTime=1517856342434, upgradeId=1}
2018-02-05 18:45:45.109+0000 INFO [o.n.k.i.DiagnosticsManager] Kernel version: 3.3.1,560ceeff2721de1959949e079fd9d13f85c73b31
2018-02-05 18:45:45.109+0000 INFO [o.n.k.i.DiagnosticsManager] --- STARTED diagnostics for KernelDiagnostics:Versions END ---
2018-02-05 18:45:45.111+0000 INFO [o.n.k.i.DiagnosticsManager] --- STARTED diagnostics for NEO_STORE_VERSIONS START ---
2018-02-05 18:45:45.111+0000 INFO [o.n.k.i.DiagnosticsManager] Store versions:
2018-02-05 18:45:45.113+0000 INFO [o.n.k.i.DiagnosticsManager] Store versions:
2018-02-05 18:45:45.113+0000 INFO [o.n.k.i.DiagnosticsManager]   ArrayPropertyStore v0.A.8
2018-02-05 18:45:45.113+0000 INFO [o.n.k.i.DiagnosticsManager]   NodeStore v0.A.8
2018-02-05 18:45:45.113+0000 INFO [o.n.k.i.DiagnosticsManager]   StringPropertyStore v0.A.8
2018-02-05 18:45:45.113+0000 INFO [o.n.k.i.DiagnosticsManager]   PropertyIndexStore v0.A.8
2018-02-05 18:45:45.113+0000 INFO [o.n.k.i.DiagnosticsManager]   StringPropertyStore v0.A.8
2018-02-05 18:45:45.113+0000 INFO [o.n.k.i.DiagnosticsManager]   ArrayPropertyStore v0.A.8
2018-02-05 18:45:45.113+0000 INFO [o.n.k.i.DiagnosticsManager]   PropertyStore v0.A.8
2018-02-05 18:45:45.113+0000 INFO [o.n.k.i.DiagnosticsManager]   RelationshipStore v0.A.8
2018-02-05 18:45:45.114+0000 INFO [o.n.k.i.DiagnosticsManager]   StringPropertyStore v0.A.8
2018-02-05 18:45:45.114+0000 INFO [o.n.k.i.DiagnosticsManager]   RelationshipTypeStore v0.A.8
2018-02-05 18:45:45.114+0000 INFO [o.n.k.i.DiagnosticsManager]   StringPropertyStore v0.A.8
2018-02-05 18:45:45.114+0000 INFO [o.n.k.i.DiagnosticsManager]   LabelTokenStore v0.A.8
2018-02-05 18:45:45.114+0000 INFO [o.n.k.i.DiagnosticsManager]   SchemaStore v0.A.8
2018-02-05 18:45:45.114+0000 INFO [o.n.k.i.DiagnosticsManager]   RelationshipGroupStore v0.A.8
2018-02-05 18:45:45.114+0000 INFO [o.n.k.i.DiagnosticsManager]   NeoStore v0.A.8
2018-02-05 18:45:45.114+0000 INFO [o.n.k.i.DiagnosticsManager] --- STARTED diagnostics for NEO_STORE_VERSIONS END ---
2018-02-05 18:45:45.114+0000 INFO [o.n.k.i.DiagnosticsManager] --- STARTED diagnostics for NEO_STORE_ID_USAGE START ---
2018-02-05 18:45:45.114+0000 INFO [o.n.k.i.DiagnosticsManager] Id usage:
2018-02-05 18:45:45.114+0000 INFO [o.n.k.i.DiagnosticsManager] Id usage:
2018-02-05 18:45:45.115+0000 INFO [o.n.k.i.DiagnosticsManager]   ArrayPropertyStore: used=1 high=0
2018-02-05 18:45:45.115+0000 INFO [o.n.k.i.DiagnosticsManager]   NodeStore: used=0 high=-1
2018-02-05 18:45:45.115+0000 INFO [o.n.k.i.DiagnosticsManager]   StringPropertyStore: used=1 high=0
2018-02-05 18:45:45.115+0000 INFO [o.n.k.i.DiagnosticsManager]   PropertyIndexStore: used=0 high=-1
2018-02-05 18:45:45.115+0000 INFO [o.n.k.i.DiagnosticsManager]   StringPropertyStore: used=1 high=0
2018-02-05 18:45:45.115+0000 INFO [o.n.k.i.DiagnosticsManager]   ArrayPropertyStore: used=1 high=0
2018-02-05 18:45:45.115+0000 INFO [o.n.k.i.DiagnosticsManager]   PropertyStore: used=0 high=-1
2018-02-05 18:45:45.115+0000 INFO [o.n.k.i.DiagnosticsManager]   RelationshipStore: used=0 high=-1
2018-02-05 18:45:45.116+0000 INFO [o.n.k.i.DiagnosticsManager]   StringPropertyStore: used=1 high=0
2018-02-05 18:45:45.116+0000 INFO [o.n.k.i.DiagnosticsManager]   RelationshipTypeStore: used=0 high=-1
2018-02-05 18:45:45.116+0000 INFO [o.n.k.i.DiagnosticsManager]   StringPropertyStore: used=1 high=0
2018-02-05 18:45:45.116+0000 INFO [o.n.k.i.DiagnosticsManager]   LabelTokenStore: used=0 high=-1
2018-02-05 18:45:45.116+0000 INFO [o.n.k.i.DiagnosticsManager]   SchemaStore: used=1 high=0
2018-02-05 18:45:45.116+0000 INFO [o.n.k.i.DiagnosticsManager]   RelationshipGroupStore: used=1 high=0
2018-02-05 18:45:45.116+0000 INFO [o.n.k.i.DiagnosticsManager]   NeoStore: used=15 high=14
2018-02-05 18:45:45.116+0000 INFO [o.n.k.i.DiagnosticsManager] --- STARTED diagnostics for NEO_STORE_ID_USAGE END ---
2018-02-05 18:45:45.117+0000 INFO [o.n.k.i.DiagnosticsManager] --- STARTED diagnostics for NEO_STORE_RECORDS START ---
2018-02-05 18:45:45.117+0000 INFO [o.n.k.i.DiagnosticsManager] Neostore records:
2018-02-05 18:45:45.118+0000 INFO [o.n.k.i.DiagnosticsManager] TIME (Creation time): 1517856342434
2018-02-05 18:45:45.118+0000 INFO [o.n.k.i.DiagnosticsManager] RANDOM_NUMBER (Random number for store id): 7811953795697317696
2018-02-05 18:45:45.118+0000 INFO [o.n.k.i.DiagnosticsManager] LOG_VERSION (Current log version): 0
2018-02-05 18:45:45.118+0000 INFO [o.n.k.i.DiagnosticsManager] LAST_TRANSACTION_ID (Last committed transaction): 1
2018-02-05 18:45:45.118+0000 INFO [o.n.k.i.DiagnosticsManager] STORE_VERSION (Store format version): 15813456178476550
2018-02-05 18:45:45.118+0000 INFO [o.n.k.i.DiagnosticsManager] FIRST_GRAPH_PROPERTY (First property record containing graph properties): -1
2018-02-05 18:45:45.118+0000 INFO [o.n.k.i.DiagnosticsManager] LAST_CONSTRAINT_TRANSACTION (Last committed transaction containing constraint changes): 0
2018-02-05 18:45:45.118+0000 INFO [o.n.k.i.DiagnosticsManager] UPGRADE_TRANSACTION_ID (Transaction id most recent upgrade was performed at): 1
2018-02-05 18:45:45.118+0000 INFO [o.n.k.i.DiagnosticsManager] UPGRADE_TIME (Time of last upgrade): 1517856342434
2018-02-05 18:45:45.119+0000 INFO [o.n.k.i.DiagnosticsManager] LAST_TRANSACTION_CHECKSUM (Checksum of last committed transaction): 0
2018-02-05 18:45:45.119+0000 INFO [o.n.k.i.DiagnosticsManager] UPGRADE_TRANSACTION_CHECKSUM (Checksum of transaction id the most recent upgrade was performed at): 0
2018-02-05 18:45:45.119+0000 INFO [o.n.k.i.DiagnosticsManager] LAST_CLOSED_TRANSACTION_LOG_VERSION (Log version where the last transaction commit entry has been written into): 0
2018-02-05 18:45:45.119+0000 INFO [o.n.k.i.DiagnosticsManager] LAST_CLOSED_TRANSACTION_LOG_BYTE_OFFSET (Byte offset in the log file where the last transaction commit entry has been written into): 16
2018-02-05 18:45:45.119+0000 INFO [o.n.k.i.DiagnosticsManager] LAST_TRANSACTION_COMMIT_TIMESTAMP (Commit time timestamp for last committed transaction): 0
2018-02-05 18:45:45.119+0000 INFO [o.n.k.i.DiagnosticsManager] UPGRADE_TRANSACTION_COMMIT_TIMESTAMP (Commit timestamp of transaction the most recent upgrade was performed at): 0
2018-02-05 18:45:45.120+0000 INFO [o.n.k.i.DiagnosticsManager] --- STARTED diagnostics for NEO_STORE_RECORDS END ---
2018-02-05 18:45:45.120+0000 INFO [o.n.k.i.DiagnosticsManager] --- STARTED diagnostics for TRANSACTION_RANGE START ---
2018-02-05 18:45:45.121+0000 INFO [o.n.k.i.DiagnosticsManager] Transaction log:
2018-02-05 18:45:45.121+0000 INFO [o.n.k.i.DiagnosticsManager] No transactions found in any log
2018-02-05 18:45:45.121+0000 INFO [o.n.k.i.DiagnosticsManager] --- STARTED diagnostics for TRANSACTION_RANGE END ---
2018-02-05 18:45:45.142+0000 INFO [o.n.k.i.DiagnosticsManager] --- STARTED diagnostics for KernelDiagnostics:StoreFiles START ---
2018-02-05 18:45:45.144+0000 INFO [o.n.k.i.DiagnosticsManager] Disk space on partition (Total / Free / Free %): 1000068870144 / 554210553856 / 55
2018-02-05 18:45:45.144+0000 INFO [o.n.k.i.DiagnosticsManager] Storage files: (filename : modification date - size)
2018-02-05 18:45:45.145+0000 INFO [o.n.k.i.DiagnosticsManager]   index:
2018-02-05 18:45:45.146+0000 INFO [o.n.k.i.DiagnosticsManager]   - Total: 2018-02-05T19:45:43+0100 - 0.00 B
2018-02-05 18:45:45.146+0000 INFO [o.n.k.i.DiagnosticsManager]   logs:
2018-02-05 18:45:45.149+0000 INFO [o.n.k.i.DiagnosticsManager]     debug.log: 2018-02-05T19:45:43+0100 - 38.35 kB
2018-02-05 18:45:45.149+0000 INFO [o.n.k.i.DiagnosticsManager]   - Total: 2018-02-05T19:45:38+0100 - 38.35 kB
2018-02-05 18:45:45.150+0000 INFO [o.n.k.i.DiagnosticsManager]   neostore: 2018-02-05T19:45:42+0100 - 8.00 kB
2018-02-05 18:45:45.150+0000 INFO [o.n.k.i.DiagnosticsManager]   neostore.counts.db.a: 2018-02-05T19:45:43+0100 - 96.00 B
2018-02-05 18:45:45.150+0000 INFO [o.n.k.i.DiagnosticsManager]   neostore.id: 2018-02-05T19:45:42+0100 - 9.00 B
2018-02-05 18:45:45.150+0000 INFO [o.n.k.i.DiagnosticsManager]   neostore.labelscanstore.db: 2018-02-05T19:45:43+0100 - 40.00 kB
2018-02-05 18:45:45.151+0000 INFO [o.n.k.i.DiagnosticsManager]   neostore.labeltokenstore.db: 2018-02-05T19:45:41+0100 - 0.00 B
2018-02-05 18:45:45.151+0000 INFO [o.n.k.i.DiagnosticsManager]   neostore.labeltokenstore.db.id: 2018-02-05T19:45:41+0100 - 9.00 B
2018-02-05 18:45:45.152+0000 INFO [o.n.k.i.DiagnosticsManager]   neostore.labeltokenstore.db.names: 2018-02-05T19:45:41+0100 - 8.00 kB
2018-02-05 18:45:45.152+0000 INFO [o.n.k.i.DiagnosticsManager]   neostore.labeltokenstore.db.names.id: 2018-02-05T19:45:41+0100 - 9.00 B
2018-02-05 18:45:45.152+0000 INFO [o.n.k.i.DiagnosticsManager]   neostore.nodestore.db: 2018-02-05T19:45:40+0100 - 0.00 B
2018-02-05 18:45:45.153+0000 INFO [o.n.k.i.DiagnosticsManager]   neostore.nodestore.db.id: 2018-02-05T19:45:40+0100 - 9.00 B
2018-02-05 18:45:45.153+0000 INFO [o.n.k.i.DiagnosticsManager]   neostore.nodestore.db.labels: 2018-02-05T19:45:40+0100 - 8.00 kB
2018-02-05 18:45:45.153+0000 INFO [o.n.k.i.DiagnosticsManager]   neostore.nodestore.db.labels.id: 2018-02-05T19:45:40+0100 - 9.00 B
2018-02-05 18:45:45.153+0000 INFO [o.n.k.i.DiagnosticsManager]   neostore.propertystore.db: 2018-02-05T19:45:40+0100 - 0.00 B
2018-02-05 18:45:45.154+0000 INFO [o.n.k.i.DiagnosticsManager]   neostore.propertystore.db.arrays: 2018-02-05T19:45:40+0100 - 8.00 kB
2018-02-05 18:45:45.154+0000 INFO [o.n.k.i.DiagnosticsManager]   neostore.propertystore.db.arrays.id: 2018-02-05T19:45:40+0100 - 9.00 B
2018-02-05 18:45:45.154+0000 INFO [o.n.k.i.DiagnosticsManager]   neostore.propertystore.db.id: 2018-02-05T19:45:41+0100 - 9.00 B
2018-02-05 18:45:45.154+0000 INFO [o.n.k.i.DiagnosticsManager]   neostore.propertystore.db.index: 2018-02-05T19:45:40+0100 - 0.00 B
2018-02-05 18:45:45.155+0000 INFO [o.n.k.i.DiagnosticsManager]   neostore.propertystore.db.index.id: 2018-02-05T19:45:40+0100 - 9.00 B
2018-02-05 18:45:45.155+0000 INFO [o.n.k.i.DiagnosticsManager]   neostore.propertystore.db.index.keys: 2018-02-05T19:45:40+0100 - 8.00 kB
2018-02-05 18:45:45.155+0000 INFO [o.n.k.i.DiagnosticsManager]   neostore.propertystore.db.index.keys.id: 2018-02-05T19:45:40+0100 - 9.00 B
2018-02-05 18:45:45.156+0000 INFO [o.n.k.i.DiagnosticsManager]   neostore.propertystore.db.strings: 2018-02-05T19:45:40+0100 - 8.00 kB
2018-02-05 18:45:45.156+0000 INFO [o.n.k.i.DiagnosticsManager]   neostore.propertystore.db.strings.id: 2018-02-05T19:45:40+0100 - 9.00 B
2018-02-05 18:45:45.157+0000 INFO [o.n.k.i.DiagnosticsManager]   neostore.relationshipgroupstore.db: 2018-02-05T19:45:42+0100 - 8.00 kB
2018-02-05 18:45:45.157+0000 INFO [o.n.k.i.DiagnosticsManager]   neostore.relationshipgroupstore.db.id: 2018-02-05T19:45:42+0100 - 9.00 B
2018-02-05 18:45:45.158+0000 INFO [o.n.k.i.DiagnosticsManager]   neostore.relationshipstore.db: 2018-02-05T19:45:41+0100 - 0.00 B
2018-02-05 18:45:45.158+0000 INFO [o.n.k.i.DiagnosticsManager]   neostore.relationshipstore.db.id: 2018-02-05T19:45:41+0100 - 9.00 B
2018-02-05 18:45:45.159+0000 INFO [o.n.k.i.DiagnosticsManager]   neostore.relationshiptypestore.db: 2018-02-05T19:45:41+0100 - 0.00 B
2018-02-05 18:45:45.160+0000 INFO [o.n.k.i.DiagnosticsManager]   neostore.relationshiptypestore.db.id: 2018-02-05T19:45:41+0100 - 9.00 B
2018-02-05 18:45:45.161+0000 INFO [o.n.k.i.DiagnosticsManager]   neostore.relationshiptypestore.db.names: 2018-02-05T19:45:41+0100 - 8.00 kB
2018-02-05 18:45:45.161+0000 INFO [o.n.k.i.DiagnosticsManager]   neostore.relationshiptypestore.db.names.id: 2018-02-05T19:45:41+0100 - 9.00 B
2018-02-05 18:45:45.161+0000 INFO [o.n.k.i.DiagnosticsManager]   neostore.schemastore.db: 2018-02-05T19:45:42+0100 - 8.00 kB
2018-02-05 18:45:45.161+0000 INFO [o.n.k.i.DiagnosticsManager]   neostore.schemastore.db.id: 2018-02-05T19:45:42+0100 - 9.00 B
2018-02-05 18:45:45.161+0000 INFO [o.n.k.i.DiagnosticsManager]   neostore.transaction.db.0: 2018-02-05T19:45:43+0100 - 16.00 B
2018-02-05 18:45:45.161+0000 INFO [o.n.k.i.DiagnosticsManager]   store_lock: 2018-02-05T19:45:39+0100 - 0.00 B
2018-02-05 18:45:45.161+0000 INFO [o.n.k.i.DiagnosticsManager] Storage summary: 
2018-02-05 18:45:45.162+0000 INFO [o.n.k.i.DiagnosticsManager]   Total size of store: 150.59 kB
2018-02-05 18:45:45.162+0000 INFO [o.n.k.i.DiagnosticsManager]   Total size of mapped files: 112.00 kB
2018-02-05 18:45:45.162+0000 INFO [o.n.k.i.DiagnosticsManager] --- STARTED diagnostics for KernelDiagnostics:StoreFiles END ---
2018-02-05 18:46:09.921+0000 INFO [o.n.k.i.f.GraphDatabaseFacadeFactory] Shutdown started
2018-02-05 18:46:09.922+0000 INFO [o.n.k.i.f.GraphDatabaseFacadeFactory] Database is now unavailable
2018-02-05 18:46:09.933+0000 INFO [o.n.k.i.t.l.c.CheckPointerImpl] Check Pointing triggered by database shutdown [349]:  Starting check pointing...
2018-02-05 18:46:09.933+0000 INFO [o.n.k.i.t.l.c.CheckPointerImpl] Check Pointing triggered by database shutdown [349]:  Starting store flush...
2018-02-05 18:46:10.022+0000 INFO [o.n.k.i.s.c.CountsTracker] About to rotate counts store at transaction 349 to [D:\neo4j\data\databases\nutritionMgt.db\neostore.counts.db.b], from [D:\neo4j\data\databases\nutritionMgt.db\neostore.counts.db.a].
2018-02-05 18:46:10.039+0000 INFO [o.n.k.i.s.c.CountsTracker] Successfully rotated counts store at transaction 349 to [D:\neo4j\data\databases\nutritionMgt.db\neostore.counts.db.b], from [D:\neo4j\data\databases\nutritionMgt.db\neostore.counts.db.a].
2018-02-05 18:46:10.436+0000 INFO [o.n.k.i.t.l.c.CheckPointerImpl] Check Pointing triggered by database shutdown [349]:  Store flush completed
2018-02-05 18:46:10.436+0000 INFO [o.n.k.i.t.l.c.CheckPointerImpl] Check Pointing triggered by database shutdown [349]:  Starting appending check point entry into the tx log...
2018-02-05 18:46:10.469+0000 INFO [o.n.k.i.t.l.c.CheckPointerImpl] Check Pointing triggered by database shutdown [349]:  Appending check point entry into the tx log completed
2018-02-05 18:46:10.469+0000 INFO [o.n.k.i.t.l.c.CheckPointerImpl] Check Pointing triggered by database shutdown [349]:  Check pointing completed
2018-02-05 18:46:10.470+0000 INFO [o.n.k.i.t.l.p.LogPruningImpl] Log Rotation [0]:  Starting log pruning.
2018-02-05 18:46:10.470+0000 INFO [o.n.k.i.t.l.p.LogPruningImpl] Log Rotation [0]:  Log pruning complete.
2018-02-05 18:46:12.079+0000 INFO [o.n.k.i.DiagnosticsManager] --- STOPPING diagnostics START ---
2018-02-05 18:46:12.080+0000 INFO [o.n.k.i.DiagnosticsManager] --- STOPPING diagnostics END ---
